<?xml version="1.0" encoding="UTF-8"?>
<!-- Generated by org.testng.reporters.JUnitXMLReporter -->
<testsuite ignored="0" hostname="Susmitha" failures="0" tests="4" name="Surefire test" time="8.195" errors="0" timestamp="2025-11-14T18:46:11 IST">
  <testcase classname="tests.UserCrudTest" name="tc01_createUser" time="4.689"/>
  <testcase classname="tests.UserCrudTest" name="tc02_getUser" time="1.567"/>
  <testcase classname="tests.UserCrudTest" name="tc03_updateUser" time="0.919"/>
  <testcase classname="tests.UserCrudTest" name="tc04_deleteUser" time="0.692"/>
</testsuite> <!-- Surefire test -->
