<?xml version="1.0" encoding="UTF-8"?>
<testng-results ignored="0" total="4" passed="4" failed="0" skipped="0">
  <reporter-output>
  </reporter-output>
  <suite started-at="2025-11-14T18:46:03 IST" name="Surefire suite" finished-at="2025-11-14T18:46:11 IST" duration-ms="8195">
    <groups>
    </groups>
    <test started-at="2025-11-14T18:46:03 IST" name="Surefire test" finished-at="2025-11-14T18:46:11 IST" duration-ms="8195">
      <class name="tests.UserCrudTest">
        <test-method is-config="true" signature="setup()[pri:0, instance:tests.UserCrudTest@38f57b3d]" started-at="2025-11-14T18:46:03 IST" name="setup" finished-at="2025-11-14T18:46:03 IST" duration-ms="189" status="PASS">
          <reporter-output>
          </reporter-output>
        </test-method> <!-- setup -->
        <test-method signature="tc01_createUser()[pri:1, instance:tests.UserCrudTest@38f57b3d]" started-at="2025-11-14T18:46:03 IST" name="tc01_createUser" finished-at="2025-11-14T18:46:08 IST" duration-ms="4689" status="PASS">
          <reporter-output>
          </reporter-output>
        </test-method> <!-- tc01_createUser -->
        <test-method signature="tc02_getUser()[pri:2, instance:tests.UserCrudTest@38f57b3d]" started-at="2025-11-14T18:46:08 IST" name="tc02_getUser" finished-at="2025-11-14T18:46:09 IST" duration-ms="1567" status="PASS">
          <reporter-output>
          </reporter-output>
        </test-method> <!-- tc02_getUser -->
        <test-method signature="tc03_updateUser()[pri:3, instance:tests.UserCrudTest@38f57b3d]" started-at="2025-11-14T18:46:09 IST" name="tc03_updateUser" finished-at="2025-11-14T18:46:10 IST" duration-ms="919" status="PASS">
          <reporter-output>
          </reporter-output>
        </test-method> <!-- tc03_updateUser -->
        <test-method signature="tc04_deleteUser()[pri:4, instance:tests.UserCrudTest@38f57b3d]" started-at="2025-11-14T18:46:10 IST" name="tc04_deleteUser" finished-at="2025-11-14T18:46:11 IST" duration-ms="692" status="PASS">
          <reporter-output>
          </reporter-output>
        </test-method> <!-- tc04_deleteUser -->
        <test-method is-config="true" signature="tearDown()[pri:0, instance:tests.UserCrudTest@38f57b3d]" started-at="2025-11-14T18:46:11 IST" name="tearDown" finished-at="2025-11-14T18:46:11 IST" duration-ms="40" status="PASS">
          <reporter-output>
          </reporter-output>
        </test-method> <!-- tearDown -->
      </class> <!-- tests.UserCrudTest -->
    </test> <!-- Surefire test -->
  </suite> <!-- Surefire suite -->
</testng-results>
