<?xml version="1.0" encoding="UTF-8"?>
<testsuite xmlns:xsi="http://www.w3.org/2001/XMLSchema-instance" xsi:noNamespaceSchemaLocation="https://maven.apache.org/surefire/maven-surefire-plugin/xsd/surefire-test-report-3.0.xsd" version="3.0" name="tests.UserCrudTest" time="10.206" tests="4" errors="0" skipped="0" failures="0">
  <properties>
[...]
</properties>
  <testcase name="tc01_createUser" classname="tests.UserCrudTest" time="4.696">
    <system-err><![CDATA[SLF4J: Failed to load class "org.slf4j.impl.StaticLoggerBinder".
SLF4J: Defaulting to no-operation (NOP) logger implementation
SLF4J: See http://www.slf4j.org/codes.html#StaticLoggerBinder for further details.
]]></system-err>
  </testcase>
  <testcase name="tc02_getUser" classname="tests.UserCrudTest" time="1.575"/>
  <testcase name="tc03_updateUser" classname="tests.UserCrudTest" time="0.919"/>
  <testcase name="tc04_deleteUser" classname="tests.UserCrudTest" time="0.698"/>
</testsuite>